[debug] [2024-10-29T13:00:02.363Z] ----------------------------------------------------------------------
[debug] [2024-10-29T13:00:02.366Z] Command:       C:\Program Files\nodejs\node.exe C:\Users\Gilson\AppData\Roaming\npm\node_modules\firebase-tools\lib\bin\firebase.js init
[debug] [2024-10-29T13:00:02.366Z] CLI Version:   13.23.0
[debug] [2024-10-29T13:00:02.366Z] Platform:      win32
[debug] [2024-10-29T13:00:02.366Z] Node Version:  v20.8.1
[debug] [2024-10-29T13:00:02.367Z] Time:          Tue Oct 29 2024 10:00:02 GMT-0300 (Horário Padrão de Brasília)
[debug] [2024-10-29T13:00:02.367Z] ----------------------------------------------------------------------
[debug] 
[debug] [2024-10-29T13:00:02.372Z] > command requires scopes: ["email","openid","https://www.googleapis.com/auth/cloudplatformprojects.readonly","https://www.googleapis.com/auth/firebase","https://www.googleapis.com/auth/cloud-platform"]
[debug] [2024-10-29T13:00:02.373Z] > authorizing via signed-in user (gilsoncomics@gmail.com)
[info] 
     ######## #### ########  ######## ########     ###     ######  ########
     ##        ##  ##     ## ##       ##     ##  ##   ##  ##       ##
     ######    ##  ########  ######   ########  #########  ######  ######
     ##        ##  ##    ##  ##       ##     ## ##     ##       ## ##
     ##       #### ##     ## ######## ########  ##     ##  ######  ########

You're about to initialize a Firebase project in this directory:

  I:\WEB\WEB ESQUADRAO\web-esquadrao-da-fe

[info] 
=== Project Setup
[info] 
[info] First, let's associate this project directory with a Firebase project.
[info] You can create multiple project aliases by running firebase use --add, 
[info] but for now we'll just set up a default project.
[info] 
[debug] [2024-10-29T13:00:10.608Z] Checked if tokens are valid: false, expires at: 1711582960211
[debug] [2024-10-29T13:00:10.609Z] Checked if tokens are valid: false, expires at: 1711582960211
[debug] [2024-10-29T13:00:10.609Z] > refreshing access token with scopes: []
[debug] [2024-10-29T13:00:10.610Z] >>> [apiv2][query] POST https://www.googleapis.com/oauth2/v3/token [none]
[debug] [2024-10-29T13:00:10.611Z] >>> [apiv2][body] POST https://www.googleapis.com/oauth2/v3/token [omitted]
[debug] [2024-10-29T13:00:10.818Z] <<< [apiv2][status] POST https://www.googleapis.com/oauth2/v3/token 400
[debug] [2024-10-29T13:00:10.818Z] <<< [apiv2][body] POST https://www.googleapis.com/oauth2/v3/token [omitted]
[debug] [2024-10-29T13:00:10.819Z] >>> [apiv2][query] GET https://firebase.googleapis.com/v1beta1/projects pageSize=100
[debug] [2024-10-29T13:00:11.219Z] <<< [apiv2][status] GET https://firebase.googleapis.com/v1beta1/projects 401
[debug] [2024-10-29T13:00:11.219Z] <<< [apiv2][body] GET https://firebase.googleapis.com/v1beta1/projects [omitted]
[debug] [2024-10-29T13:00:11.219Z] Got a 401 Unauthenticated error for a call that required authentication. Refreshing tokens.
[debug] [2024-10-29T13:00:11.219Z] Checked if tokens are valid: false, expires at: 1711582960211
[debug] [2024-10-29T13:00:11.219Z] Checked if tokens are valid: false, expires at: 1711582960211
[debug] [2024-10-29T13:00:11.220Z] > refreshing access token with scopes: []
[debug] [2024-10-29T13:00:11.220Z] >>> [apiv2][query] POST https://www.googleapis.com/oauth2/v3/token [none]
[debug] [2024-10-29T13:00:11.220Z] >>> [apiv2][body] POST https://www.googleapis.com/oauth2/v3/token [omitted]
[debug] [2024-10-29T13:00:11.297Z] <<< [apiv2][status] POST https://www.googleapis.com/oauth2/v3/token 400
[debug] [2024-10-29T13:00:11.297Z] <<< [apiv2][body] POST https://www.googleapis.com/oauth2/v3/token [omitted]
[debug] [2024-10-29T13:00:11.297Z] Request to https://firebase.googleapis.com/v1beta1/projects?pageSize=100 had HTTP Error: 401, Request had invalid authentication credentials. Expected OAuth 2 access token, login cookie or other valid authentication credential. See https://developers.google.com/identity/sign-in/web/devconsole-project.
[debug] [2024-10-29T13:00:11.427Z] FirebaseError: Request to https://firebase.googleapis.com/v1beta1/projects?pageSize=100 had HTTP Error: 401, Request had invalid authentication credentials. Expected OAuth 2 access token, login cookie or other valid authentication credential. See https://developers.google.com/identity/sign-in/web/devconsole-project.
    at responseToError (C:\Users\Gilson\AppData\Roaming\npm\node_modules\firebase-tools\lib\responseToError.js:52:12)
    at RetryOperation._fn (C:\Users\Gilson\AppData\Roaming\npm\node_modules\firebase-tools\lib\apiv2.js:312:77)
    at process.processTicksAndRejections (node:internal/process/task_queues:95:5)
[error] 
[error] Error: Failed to list Firebase projects. See firebase-debug.log for more info.
[debug] [2024-10-29T13:00:16.811Z] ----------------------------------------------------------------------
[debug] [2024-10-29T13:00:16.814Z] Command:       C:\Program Files\nodejs\node.exe C:\Users\Gilson\AppData\Roaming\npm\node_modules\firebase-tools\lib\bin\firebase.js init
[debug] [2024-10-29T13:00:16.815Z] CLI Version:   13.23.0
[debug] [2024-10-29T13:00:16.815Z] Platform:      win32
[debug] [2024-10-29T13:00:16.815Z] Node Version:  v20.8.1
[debug] [2024-10-29T13:00:16.815Z] Time:          Tue Oct 29 2024 10:00:16 GMT-0300 (Horário Padrão de Brasília)
[debug] [2024-10-29T13:00:16.815Z] ----------------------------------------------------------------------
[debug] 
[debug] [2024-10-29T13:00:16.821Z] > command requires scopes: ["email","openid","https://www.googleapis.com/auth/cloudplatformprojects.readonly","https://www.googleapis.com/auth/firebase","https://www.googleapis.com/auth/cloud-platform"]
[debug] [2024-10-29T13:00:16.821Z] > authorizing via signed-in user (gilsoncomics@gmail.com)
[info] 
     ######## #### ########  ######## ########     ###     ######  ########
     ##        ##  ##     ## ##       ##     ##  ##   ##  ##       ##
     ######    ##  ########  ######   ########  #########  ######  ######
     ##        ##  ##    ##  ##       ##     ## ##     ##       ## ##
     ##       #### ##     ## ######## ########  ##     ##  ######  ########

You're about to initialize a Firebase project in this directory:

  I:\WEB\WEB ESQUADRAO\web-esquadrao-da-fe

[info] 
=== Project Setup
[info] 
[info] First, let's associate this project directory with a Firebase project.
[info] You can create multiple project aliases by running firebase use --add, 
[info] but for now we'll just set up a default project.
[info] 
[debug] [2024-10-29T13:00:26.713Z] Checked if tokens are valid: false, expires at: 1711582960211
[debug] [2024-10-29T13:00:26.713Z] Checked if tokens are valid: false, expires at: 1711582960211
[debug] [2024-10-29T13:00:26.713Z] > refreshing access token with scopes: []
[debug] [2024-10-29T13:00:26.715Z] >>> [apiv2][query] POST https://www.googleapis.com/oauth2/v3/token [none]
[debug] [2024-10-29T13:00:26.715Z] >>> [apiv2][body] POST https://www.googleapis.com/oauth2/v3/token [omitted]
[debug] [2024-10-29T13:00:26.917Z] <<< [apiv2][status] POST https://www.googleapis.com/oauth2/v3/token 400
[debug] [2024-10-29T13:00:26.917Z] <<< [apiv2][body] POST https://www.googleapis.com/oauth2/v3/token [omitted]
[debug] [2024-10-29T13:00:26.918Z] >>> [apiv2][query] GET https://firebase.googleapis.com/v1beta1/projects pageSize=100
[debug] [2024-10-29T13:00:27.060Z] <<< [apiv2][status] GET https://firebase.googleapis.com/v1beta1/projects 401
[debug] [2024-10-29T13:00:27.060Z] <<< [apiv2][body] GET https://firebase.googleapis.com/v1beta1/projects [omitted]
[debug] [2024-10-29T13:00:27.060Z] Got a 401 Unauthenticated error for a call that required authentication. Refreshing tokens.
[debug] [2024-10-29T13:00:27.060Z] Checked if tokens are valid: false, expires at: 1711582960211
[debug] [2024-10-29T13:00:27.060Z] Checked if tokens are valid: false, expires at: 1711582960211
[debug] [2024-10-29T13:00:27.061Z] > refreshing access token with scopes: []
[debug] [2024-10-29T13:00:27.061Z] >>> [apiv2][query] POST https://www.googleapis.com/oauth2/v3/token [none]
[debug] [2024-10-29T13:00:27.061Z] >>> [apiv2][body] POST https://www.googleapis.com/oauth2/v3/token [omitted]
[debug] [2024-10-29T13:00:27.145Z] <<< [apiv2][status] POST https://www.googleapis.com/oauth2/v3/token 400
[debug] [2024-10-29T13:00:27.145Z] <<< [apiv2][body] POST https://www.googleapis.com/oauth2/v3/token [omitted]
[debug] [2024-10-29T13:00:27.146Z] Request to https://firebase.googleapis.com/v1beta1/projects?pageSize=100 had HTTP Error: 401, Request had invalid authentication credentials. Expected OAuth 2 access token, login cookie or other valid authentication credential. See https://developers.google.com/identity/sign-in/web/devconsole-project.
[debug] [2024-10-29T13:00:27.283Z] FirebaseError: Request to https://firebase.googleapis.com/v1beta1/projects?pageSize=100 had HTTP Error: 401, Request had invalid authentication credentials. Expected OAuth 2 access token, login cookie or other valid authentication credential. See https://developers.google.com/identity/sign-in/web/devconsole-project.
    at responseToError (C:\Users\Gilson\AppData\Roaming\npm\node_modules\firebase-tools\lib\responseToError.js:52:12)
    at RetryOperation._fn (C:\Users\Gilson\AppData\Roaming\npm\node_modules\firebase-tools\lib\apiv2.js:312:77)
    at process.processTicksAndRejections (node:internal/process/task_queues:95:5)
[error] 
[error] Error: Failed to list Firebase projects. See firebase-debug.log for more info.
[debug] [2024-10-29T13:00:42.401Z] ----------------------------------------------------------------------
[debug] [2024-10-29T13:00:42.403Z] Command:       C:\Program Files\nodejs\node.exe C:\Users\Gilson\AppData\Roaming\npm\node_modules\firebase-tools\lib\bin\firebase.js init
[debug] [2024-10-29T13:00:42.404Z] CLI Version:   13.23.0
[debug] [2024-10-29T13:00:42.404Z] Platform:      win32
[debug] [2024-10-29T13:00:42.404Z] Node Version:  v20.8.1
[debug] [2024-10-29T13:00:42.404Z] Time:          Tue Oct 29 2024 10:00:42 GMT-0300 (Horário Padrão de Brasília)
[debug] [2024-10-29T13:00:42.404Z] ----------------------------------------------------------------------
[debug] 
[debug] [2024-10-29T13:00:42.410Z] > command requires scopes: ["email","openid","https://www.googleapis.com/auth/cloudplatformprojects.readonly","https://www.googleapis.com/auth/firebase","https://www.googleapis.com/auth/cloud-platform"]
[debug] [2024-10-29T13:00:42.410Z] > authorizing via signed-in user (gilsoncomics@gmail.com)
[info] 
     ######## #### ########  ######## ########     ###     ######  ########
     ##        ##  ##     ## ##       ##     ##  ##   ##  ##       ##
     ######    ##  ########  ######   ########  #########  ######  ######
     ##        ##  ##    ##  ##       ##     ## ##     ##       ## ##
     ##       #### ##     ## ######## ########  ##     ##  ######  ########

You're about to initialize a Firebase project in this directory:

  I:\WEB\WEB ESQUADRAO\web-esquadrao-da-fe

[info] 
=== Project Setup
[info] 
[info] First, let's associate this project directory with a Firebase project.
[info] You can create multiple project aliases by running firebase use --add, 
[info] but for now we'll just set up a default project.
[info] 
[debug] [2024-10-29T13:01:37.668Z] Checked if tokens are valid: false, expires at: 1711582960211
[debug] [2024-10-29T13:01:37.668Z] Checked if tokens are valid: false, expires at: 1711582960211
[debug] [2024-10-29T13:01:37.668Z] > refreshing access token with scopes: []
[debug] [2024-10-29T13:01:37.670Z] >>> [apiv2][query] POST https://www.googleapis.com/oauth2/v3/token [none]
[debug] [2024-10-29T13:01:37.670Z] >>> [apiv2][body] POST https://www.googleapis.com/oauth2/v3/token [omitted]
[debug] [2024-10-29T13:01:37.874Z] <<< [apiv2][status] POST https://www.googleapis.com/oauth2/v3/token 400
[debug] [2024-10-29T13:01:37.875Z] <<< [apiv2][body] POST https://www.googleapis.com/oauth2/v3/token [omitted]
[debug] [2024-10-29T13:01:37.876Z] >>> [apiv2][query] GET https://firebase.googleapis.com/v1beta1/projects pageSize=100
[debug] [2024-10-29T13:01:38.029Z] <<< [apiv2][status] GET https://firebase.googleapis.com/v1beta1/projects 401
[debug] [2024-10-29T13:01:38.029Z] <<< [apiv2][body] GET https://firebase.googleapis.com/v1beta1/projects [omitted]
[debug] [2024-10-29T13:01:38.029Z] Got a 401 Unauthenticated error for a call that required authentication. Refreshing tokens.
[debug] [2024-10-29T13:01:38.029Z] Checked if tokens are valid: false, expires at: 1711582960211
[debug] [2024-10-29T13:01:38.029Z] Checked if tokens are valid: false, expires at: 1711582960211
[debug] [2024-10-29T13:01:38.029Z] > refreshing access token with scopes: []
[debug] [2024-10-29T13:01:38.030Z] >>> [apiv2][query] POST https://www.googleapis.com/oauth2/v3/token [none]
[debug] [2024-10-29T13:01:38.030Z] >>> [apiv2][body] POST https://www.googleapis.com/oauth2/v3/token [omitted]
[debug] [2024-10-29T13:01:38.102Z] <<< [apiv2][status] POST https://www.googleapis.com/oauth2/v3/token 400
[debug] [2024-10-29T13:01:38.103Z] <<< [apiv2][body] POST https://www.googleapis.com/oauth2/v3/token [omitted]
[debug] [2024-10-29T13:01:38.103Z] Request to https://firebase.googleapis.com/v1beta1/projects?pageSize=100 had HTTP Error: 401, Request had invalid authentication credentials. Expected OAuth 2 access token, login cookie or other valid authentication credential. See https://developers.google.com/identity/sign-in/web/devconsole-project.
[debug] [2024-10-29T13:01:38.270Z] FirebaseError: Request to https://firebase.googleapis.com/v1beta1/projects?pageSize=100 had HTTP Error: 401, Request had invalid authentication credentials. Expected OAuth 2 access token, login cookie or other valid authentication credential. See https://developers.google.com/identity/sign-in/web/devconsole-project.
    at responseToError (C:\Users\Gilson\AppData\Roaming\npm\node_modules\firebase-tools\lib\responseToError.js:52:12)
    at RetryOperation._fn (C:\Users\Gilson\AppData\Roaming\npm\node_modules\firebase-tools\lib\apiv2.js:312:77)
    at process.processTicksAndRejections (node:internal/process/task_queues:95:5)
[error] 
[error] Error: Failed to list Firebase projects. See firebase-debug.log for more info.
